<?xml version="1.0" encoding="UTF-8"?>
<!-- Generated by org.testng.reporters.JUnitXMLReporter -->
<testsuite ignored="2" hostname="DESKTOP-QVB4MSM" failures="0" tests="1" name="Default test" time="13.256" errors="0" timestamp="2023-12-04T19:02:45 IST">
  <testcase classname="ProductSelectiontoCart.LoginWithValidCredentials" name="search" time="4.286"/>
  <testcase classname="ProductSelectiontoCart.LoginWithValidCredentials" name="loginwithvalidcredentials" time="0.0">
    <ignored/>
  </testcase> <!-- loginwithvalidcredentials -->
  <testcase classname="ProductSelectiontoCart.LoginWithValidCredentials" name="addtocart" time="0.0">
    <ignored/>
  </testcase> <!-- addtocart -->
</testsuite> <!-- Default test -->
