<?xml version="1.0" encoding="UTF-8"?>
<testng-results ignored="2" total="3" passed="1" failed="0" skipped="0">
  <reporter-output>
  </reporter-output>
  <suite started-at="2023-12-04T19:02:31 IST" name="Default suite" finished-at="2023-12-04T19:02:44 IST" duration-ms="13256">
    <groups>
    </groups>
    <test started-at="2023-12-04T19:02:31 IST" name="Default test" finished-at="2023-12-04T19:02:44 IST" duration-ms="13256">
      <class name="ProductSelectiontoCart.LoginWithValidCredentials">
        <test-method is-config="true" signature="InitExtentReport()[pri:0, instance:ProductSelectiontoCart.LoginWithValidCredentials@563f38c4]" started-at="2023-12-04T19:02:31 IST" name="InitExtentReport" finished-at="2023-12-04T19:02:31 IST" duration-ms="274" status="PASS">
          <reporter-output>
          </reporter-output>
        </test-method> <!-- InitExtentReport -->
        <test-method is-config="true" signature="getnameMethod(org.testng.ITestContext)[pri:0, instance:ProductSelectiontoCart.LoginWithValidCredentials@563f38c4]" started-at="2023-12-04T19:02:31 IST" name="getnameMethod" finished-at="2023-12-04T19:02:31 IST" duration-ms="8" status="PASS">
          <params>
            <param index="0">
              <value>
                <![CDATA[org.testng.TestRunner@2b2954e1]]>
              </value>
            </param>
          </params>
          <reporter-output>
          </reporter-output>
        </test-method> <!-- getnameMethod -->
        <test-method is-config="true" signature="launchchrome()[pri:0, instance:ProductSelectiontoCart.LoginWithValidCredentials@563f38c4]" started-at="2023-12-04T19:02:31 IST" name="launchchrome" finished-at="2023-12-04T19:02:39 IST" duration-ms="7793" status="PASS">
          <reporter-output>
          </reporter-output>
        </test-method> <!-- launchchrome -->
        <test-method signature="search()[pri:2, instance:ProductSelectiontoCart.LoginWithValidCredentials@563f38c4]" started-at="2023-12-04T19:02:39 IST" name="search" finished-at="2023-12-04T19:02:43 IST" duration-ms="4286" status="PASS">
          <reporter-output>
          </reporter-output>
        </test-method> <!-- search -->
        <test-method is-config="true" signature="generateStatus(java.lang.reflect.Method,org.testng.ITestResult)[pri:0, instance:ProductSelectiontoCart.LoginWithValidCredentials@563f38c4]" started-at="2023-12-04T19:02:43 IST" name="generateStatus" finished-at="2023-12-04T19:02:43 IST" duration-ms="5" status="PASS">
          <params>
            <param index="0">
              <value>
                <![CDATA[public void ProductSelectiontoCart.LoginWithValidCredentials.search() throws java.lang.InterruptedException]]>
              </value>
            </param>
            <param index="1">
              <value>
                <![CDATA[[TestResult name=search status=SUCCESS method=LoginWithValidCredentials.search()[pri:2, instance:ProductSelectiontoCart.LoginWithValidCredentials@563f38c4] output={null}]]]>
              </value>
            </param>
          </params>
          <reporter-output>
          </reporter-output>
        </test-method> <!-- generateStatus -->
        <test-method is-config="true" signature="browserclose()[pri:0, instance:ProductSelectiontoCart.LoginWithValidCredentials@563f38c4]" started-at="2023-12-04T19:02:43 IST" name="browserclose" finished-at="2023-12-04T19:02:44 IST" duration-ms="991" status="PASS">
          <reporter-output>
          </reporter-output>
        </test-method> <!-- browserclose -->
        <test-method is-config="true" signature="generateReports()[pri:0, instance:ProductSelectiontoCart.LoginWithValidCredentials@563f38c4]" started-at="2023-12-04T19:02:45 IST" name="generateReports" finished-at="2023-12-04T19:02:46 IST" duration-ms="1108" status="PASS">
          <reporter-output>
          </reporter-output>
        </test-method> <!-- generateReports -->
      </class> <!-- ProductSelectiontoCart.LoginWithValidCredentials -->
    </test> <!-- Default test -->
  </suite> <!-- Default suite -->
</testng-results>
